Started GET "/" for ::1 at 2017-02-14 07:08:04 -0500
DEPRECATION WARNING: ActiveRecord::Base.raise_in_transactional_callbacks= is deprecated, has no effect and will be removed without replacement. (called from block (3 levels) in <class:Railtie> at /Users/chipmunk/.rbenv/versions/2.4.0/lib/ruby/gems/2.4.0/gems/activerecord-5.0.1/lib/active_record/railtie.rb:113)
  
Gem::LoadError (Specified 'sqlite3' for database adapter, but the gem is not loaded. Add `gem 'sqlite3'` to your Gemfile (and ensure its version is at the minimum required by ActiveRecord).):
  
activerecord (5.0.1) lib/active_record/connection_adapters/connection_specification.rb:176:in `rescue in spec'
activerecord (5.0.1) lib/active_record/connection_adapters/connection_specification.rb:173:in `spec'
activerecord (5.0.1) lib/active_record/connection_handling.rb:53:in `establish_connection'
activerecord (5.0.1) lib/active_record/railtie.rb:125:in `block (2 levels) in <class:Railtie>'
activesupport (5.0.1) lib/active_support/lazy_load_hooks.rb:43:in `instance_eval'
activesupport (5.0.1) lib/active_support/lazy_load_hooks.rb:43:in `execute_hook'
activesupport (5.0.1) lib/active_support/lazy_load_hooks.rb:50:in `block in run_load_hooks'
activesupport (5.0.1) lib/active_support/lazy_load_hooks.rb:49:in `each'
activesupport (5.0.1) lib/active_support/lazy_load_hooks.rb:49:in `run_load_hooks'
activerecord (5.0.1) lib/active_record/base.rb:324:in `<module:ActiveRecord>'
activerecord (5.0.1) lib/active_record/base.rb:24:in `<top (required)>'
activesupport (5.0.1) lib/active_support/dependencies.rb:293:in `require'
activesupport (5.0.1) lib/active_support/dependencies.rb:293:in `block in require'
activesupport (5.0.1) lib/active_support/dependencies.rb:259:in `load_dependency'
activesupport (5.0.1) lib/active_support/dependencies.rb:293:in `require'
activerecord (5.0.1) lib/active_record/migration.rb:559:in `connection'
activerecord (5.0.1) lib/active_record/migration.rb:546:in `call'
actionpack (5.0.1) lib/action_dispatch/middleware/callbacks.rb:38:in `block in call'
activesupport (5.0.1) lib/active_support/callbacks.rb:97:in `__run_callbacks__'
activesupport (5.0.1) lib/active_support/callbacks.rb:750:in `_run_call_callbacks'
activesupport (5.0.1) lib/active_support/callbacks.rb:90:in `run_callbacks'
actionpack (5.0.1) lib/action_dispatch/middleware/callbacks.rb:36:in `call'
actionpack (5.0.1) lib/action_dispatch/middleware/executor.rb:12:in `call'
actionpack (5.0.1) lib/action_dispatch/middleware/remote_ip.rb:79:in `call'
actionpack (5.0.1) lib/action_dispatch/middleware/debug_exceptions.rb:49:in `call'
web-console (3.4.0) lib/web_console/middleware.rb:135:in `call_app'
web-console (3.4.0) lib/web_console/middleware.rb:28:in `block in call'
web-console (3.4.0) lib/web_console/middleware.rb:18:in `catch'
web-console (3.4.0) lib/web_console/middleware.rb:18:in `call'
actionpack (5.0.1) lib/action_dispatch/middleware/show_exceptions.rb:31:in `call'
railties (5.0.1) lib/rails/rack/logger.rb:36:in `call_app'
railties (5.0.1) lib/rails/rack/logger.rb:24:in `block in call'
activesupport (5.0.1) lib/active_support/tagged_logging.rb:69:in `block in tagged'
activesupport (5.0.1) lib/active_support/tagged_logging.rb:26:in `tagged'
activesupport (5.0.1) lib/active_support/tagged_logging.rb:69:in `tagged'
railties (5.0.1) lib/rails/rack/logger.rb:24:in `call'
actionpack (5.0.1) lib/action_dispatch/middleware/request_id.rb:24:in `call'
rack (2.0.1) lib/rack/method_override.rb:22:in `call'
rack (2.0.1) lib/rack/runtime.rb:22:in `call'
activesupport (5.0.1) lib/active_support/cache/strategy/local_cache_middleware.rb:28:in `call'
actionpack (5.0.1) lib/action_dispatch/middleware/executor.rb:12:in `call'
actionpack (5.0.1) lib/action_dispatch/middleware/static.rb:136:in `call'
rack (2.0.1) lib/rack/sendfile.rb:111:in `call'
railties (5.0.1) lib/rails/engine.rb:522:in `call'
puma (3.7.0) lib/puma/configuration.rb:226:in `call'
puma (3.7.0) lib/puma/server.rb:578:in `handle_request'
puma (3.7.0) lib/puma/server.rb:415:in `process_client'
puma (3.7.0) lib/puma/server.rb:275:in `block in run'
puma (3.7.0) lib/puma/thread_pool.rb:120:in `block in spawn_thread'
  Rendering /Users/chipmunk/.rbenv/versions/2.4.0/lib/ruby/gems/2.4.0/gems/actionpack-5.0.1/lib/action_dispatch/middleware/templates/rescues/diagnostics.html.erb within rescues/layout
  Rendering /Users/chipmunk/.rbenv/versions/2.4.0/lib/ruby/gems/2.4.0/gems/actionpack-5.0.1/lib/action_dispatch/middleware/templates/rescues/_source.html.erb
  Rendered /Users/chipmunk/.rbenv/versions/2.4.0/lib/ruby/gems/2.4.0/gems/actionpack-5.0.1/lib/action_dispatch/middleware/templates/rescues/_source.html.erb (4.2ms)
  Rendering /Users/chipmunk/.rbenv/versions/2.4.0/lib/ruby/gems/2.4.0/gems/actionpack-5.0.1/lib/action_dispatch/middleware/templates/rescues/_trace.html.erb
  Rendered /Users/chipmunk/.rbenv/versions/2.4.0/lib/ruby/gems/2.4.0/gems/actionpack-5.0.1/lib/action_dispatch/middleware/templates/rescues/_trace.html.erb (3.1ms)
  Rendering /Users/chipmunk/.rbenv/versions/2.4.0/lib/ruby/gems/2.4.0/gems/actionpack-5.0.1/lib/action_dispatch/middleware/templates/rescues/_request_and_response.html.erb
  Rendered /Users/chipmunk/.rbenv/versions/2.4.0/lib/ruby/gems/2.4.0/gems/actionpack-5.0.1/lib/action_dispatch/middleware/templates/rescues/_request_and_response.html.erb (1.3ms)
  Rendered /Users/chipmunk/.rbenv/versions/2.4.0/lib/ruby/gems/2.4.0/gems/actionpack-5.0.1/lib/action_dispatch/middleware/templates/rescues/diagnostics.html.erb within rescues/layout (139.2ms)
Started GET "/" for ::1 at 2017-02-14 07:13:15 -0500
DEPRECATION WARNING: ActiveRecord::Base.raise_in_transactional_callbacks= is deprecated, has no effect and will be removed without replacement. (called from block (3 levels) in <class:Railtie> at /Users/chipmunk/.rbenv/versions/2.4.0/lib/ruby/gems/2.4.0/gems/activerecord-5.0.1/lib/active_record/railtie.rb:113)
  
ActiveRecord::PendingMigrationError (

Migrations are pending. To resolve this issue, run:

        bin/rails db:migrate RAILS_ENV=development

):
  
activerecord (5.0.1) lib/active_record/migration.rb:573:in `check_pending!'
activerecord (5.0.1) lib/active_record/migration.rb:549:in `call'
actionpack (5.0.1) lib/action_dispatch/middleware/callbacks.rb:38:in `block in call'
activesupport (5.0.1) lib/active_support/callbacks.rb:97:in `__run_callbacks__'
activesupport (5.0.1) lib/active_support/callbacks.rb:750:in `_run_call_callbacks'
activesupport (5.0.1) lib/active_support/callbacks.rb:90:in `run_callbacks'
actionpack (5.0.1) lib/action_dispatch/middleware/callbacks.rb:36:in `call'
actionpack (5.0.1) lib/action_dispatch/middleware/executor.rb:12:in `call'
actionpack (5.0.1) lib/action_dispatch/middleware/remote_ip.rb:79:in `call'
actionpack (5.0.1) lib/action_dispatch/middleware/debug_exceptions.rb:49:in `call'
web-console (3.4.0) lib/web_console/middleware.rb:135:in `call_app'
web-console (3.4.0) lib/web_console/middleware.rb:28:in `block in call'
web-console (3.4.0) lib/web_console/middleware.rb:18:in `catch'
web-console (3.4.0) lib/web_console/middleware.rb:18:in `call'
actionpack (5.0.1) lib/action_dispatch/middleware/show_exceptions.rb:31:in `call'
railties (5.0.1) lib/rails/rack/logger.rb:36:in `call_app'
railties (5.0.1) lib/rails/rack/logger.rb:24:in `block in call'
activesupport (5.0.1) lib/active_support/tagged_logging.rb:69:in `block in tagged'
activesupport (5.0.1) lib/active_support/tagged_logging.rb:26:in `tagged'
activesupport (5.0.1) lib/active_support/tagged_logging.rb:69:in `tagged'
railties (5.0.1) lib/rails/rack/logger.rb:24:in `call'
actionpack (5.0.1) lib/action_dispatch/middleware/request_id.rb:24:in `call'
rack (2.0.1) lib/rack/method_override.rb:22:in `call'
rack (2.0.1) lib/rack/runtime.rb:22:in `call'
activesupport (5.0.1) lib/active_support/cache/strategy/local_cache_middleware.rb:28:in `call'
actionpack (5.0.1) lib/action_dispatch/middleware/executor.rb:12:in `call'
actionpack (5.0.1) lib/action_dispatch/middleware/static.rb:136:in `call'
rack (2.0.1) lib/rack/sendfile.rb:111:in `call'
railties (5.0.1) lib/rails/engine.rb:522:in `call'
puma (3.7.0) lib/puma/configuration.rb:226:in `call'
puma (3.7.0) lib/puma/server.rb:578:in `handle_request'
puma (3.7.0) lib/puma/server.rb:415:in `process_client'
puma (3.7.0) lib/puma/server.rb:275:in `block in run'
puma (3.7.0) lib/puma/thread_pool.rb:120:in `block in spawn_thread'
  Rendering /Users/chipmunk/.rbenv/versions/2.4.0/lib/ruby/gems/2.4.0/gems/actionpack-5.0.1/lib/action_dispatch/middleware/templates/rescues/diagnostics.html.erb within rescues/layout
  Rendering /Users/chipmunk/.rbenv/versions/2.4.0/lib/ruby/gems/2.4.0/gems/actionpack-5.0.1/lib/action_dispatch/middleware/templates/rescues/_source.html.erb
  Rendered /Users/chipmunk/.rbenv/versions/2.4.0/lib/ruby/gems/2.4.0/gems/actionpack-5.0.1/lib/action_dispatch/middleware/templates/rescues/_source.html.erb (3.1ms)
  Rendering /Users/chipmunk/.rbenv/versions/2.4.0/lib/ruby/gems/2.4.0/gems/actionpack-5.0.1/lib/action_dispatch/middleware/templates/rescues/_trace.html.erb
  Rendered /Users/chipmunk/.rbenv/versions/2.4.0/lib/ruby/gems/2.4.0/gems/actionpack-5.0.1/lib/action_dispatch/middleware/templates/rescues/_trace.html.erb (2.4ms)
  Rendering /Users/chipmunk/.rbenv/versions/2.4.0/lib/ruby/gems/2.4.0/gems/actionpack-5.0.1/lib/action_dispatch/middleware/templates/rescues/_request_and_response.html.erb
  Rendered /Users/chipmunk/.rbenv/versions/2.4.0/lib/ruby/gems/2.4.0/gems/actionpack-5.0.1/lib/action_dispatch/middleware/templates/rescues/_request_and_response.html.erb (1.6ms)
  Rendered /Users/chipmunk/.rbenv/versions/2.4.0/lib/ruby/gems/2.4.0/gems/actionpack-5.0.1/lib/action_dispatch/middleware/templates/rescues/diagnostics.html.erb within rescues/layout (151.0ms)
DEPRECATION WARNING: ActiveRecord::Base.raise_in_transactional_callbacks= is deprecated, has no effect and will be removed without replacement. (called from load at /Users/chipmunk/.rbenv/versions/2.4.0/bin/rake:22)
  [1m[35m (2.9ms)[0m  [1m[35mCREATE TABLE "schema_migrations" ("version" varchar NOT NULL PRIMARY KEY)[0m
  [1m[35m (2.2ms)[0m  [1m[35mCREATE TABLE "ar_internal_metadata" ("key" varchar NOT NULL PRIMARY KEY, "value" varchar, "created_at" datetime NOT NULL, "updated_at" datetime NOT NULL)[0m
  [1m[36mActiveRecord::SchemaMigration Load (0.3ms)[0m  [1m[34mSELECT "schema_migrations".* FROM "schema_migrations"[0m
Migrating to CreateEmployees (20160226013407)
  [1m[35m (0.1ms)[0m  [1m[36mbegin transaction[0m
DEPRECATION WARNING: Directly inheriting from ActiveRecord::Migration is deprecated. Please specify the Rails release the migration was written for:

  class CreateEmployees < ActiveRecord::Migration[4.2] (called from load at /Users/chipmunk/.rbenv/versions/2.4.0/bin/rake:22)
  [1m[35m (0.6ms)[0m  [1m[35mCREATE TABLE "employees" ("id" INTEGER PRIMARY KEY AUTOINCREMENT NOT NULL, "name" varchar, "email" varchar, "manager" boolean, "created_at" datetime NOT NULL, "updated_at" datetime NOT NULL)[0m
  [1m[35mSQL (0.3ms)[0m  [1m[32mINSERT INTO "schema_migrations" ("version") VALUES (?)[0m  [["version", "20160226013407"]]
  [1m[35m (1.0ms)[0m  [1m[36mcommit transaction[0m
  [1m[36mActiveRecord::InternalMetadata Load (0.2ms)[0m  [1m[34mSELECT  "ar_internal_metadata".* FROM "ar_internal_metadata" WHERE "ar_internal_metadata"."key" = ? LIMIT ?[0m  [["key", :environment], ["LIMIT", 1]]
  [1m[35m (0.1ms)[0m  [1m[36mbegin transaction[0m
  [1m[35mSQL (0.6ms)[0m  [1m[32mINSERT INTO "ar_internal_metadata" ("key", "value", "created_at", "updated_at") VALUES (?, ?, ?, ?)[0m  [["key", "environment"], ["value", "development"], ["created_at", 2017-02-15 01:49:32 UTC], ["updated_at", 2017-02-15 01:49:32 UTC]]
  [1m[35m (0.9ms)[0m  [1m[36mcommit transaction[0m
  [1m[36mActiveRecord::SchemaMigration Load (0.3ms)[0m  [1m[34mSELECT "schema_migrations".* FROM "schema_migrations"[0m
Started GET "/" for ::1 at 2017-02-14 20:50:41 -0500
DEPRECATION WARNING: ActiveRecord::Base.raise_in_transactional_callbacks= is deprecated, has no effect and will be removed without replacement. (called from block (3 levels) in <class:Railtie> at /Users/chipmunk/.rbenv/versions/2.4.0/lib/ruby/gems/2.4.0/gems/activerecord-5.0.1/lib/active_record/railtie.rb:113)
  [1m[36mActiveRecord::SchemaMigration Load (0.4ms)[0m  [1m[34mSELECT "schema_migrations".* FROM "schema_migrations"[0m
Processing by EmployeesController#index as HTML
  Rendering employees/index.html within layouts/application
  Rendered employees/index.html within layouts/application (1.9ms)
Completed 200 OK in 923ms (Views: 895.3ms | ActiveRecord: 0.0ms)


Started GET "/assets/employees.self-e3b0c44298fc1c149afbf4c8996fb92427ae41e4649b934ca495991b7852b855.css?body=1" for ::1 at 2017-02-14 20:50:43 -0500
Started GET "/assets/application.self-e80e8f2318043e8af94dddc2adad5a4f09739a8ebb323b3ab31cd71d45fd9113.css?body=1" for ::1 at 2017-02-14 20:50:43 -0500
Started GET "/assets/vue-resource/dist/vue-resource.self-a9fa6edb00c19b3c04e413987844db86c052acf2513a4b64c7796bfa8fd40e3d.js?body=1" for ::1 at 2017-02-14 20:50:43 -0500
Started GET "/assets/vue/dist/vue.self-47ce049da33f85b066b4bb2b717bbd68d6bf341b215fd324acdadd8d75a1b128.js?body=1" for ::1 at 2017-02-14 20:50:43 -0500
Started GET "/assets/employees.self-5f514a0d1a8a73267dd35a0948eed78013c9fe467e503cbb417f73da86a18eea.js?body=1" for ::1 at 2017-02-14 20:50:43 -0500
Started GET "/assets/application.self-f8806224e027f3e3f0138ea9ce99319e298dfdb323304d1f1be6eae8e8c74724.js?body=1" for ::1 at 2017-02-14 20:50:43 -0500
Started GET "/employees.json" for ::1 at 2017-02-14 20:50:43 -0500
Processing by EmployeesController#index as JSON
  [1m[36mEmployee Load (0.4ms)[0m  [1m[34mSELECT "employees".* FROM "employees"[0m
Completed 200 OK in 5ms (Views: 2.5ms | ActiveRecord: 0.9ms)


Started POST "/employees.json" for ::1 at 2017-02-14 20:50:53 -0500
Processing by EmployeesController#create as JSON
  Parameters: {"employee"=>{"name"=>"Taryn", "email"=>"Norviel", "manager"=>false}}
  [1m[35m (0.1ms)[0m  [1m[36mbegin transaction[0m
  [1m[36mEmployee Exists (0.6ms)[0m  [1m[34mSELECT  1 AS one FROM "employees" WHERE "employees"."name" = ? LIMIT ?[0m  [["name", "Taryn"], ["LIMIT", 1]]
  [1m[36mEmployee Exists (0.2ms)[0m  [1m[34mSELECT  1 AS one FROM "employees" WHERE "employees"."email" = ? LIMIT ?[0m  [["email", "Norviel"], ["LIMIT", 1]]
  [1m[35m (0.1ms)[0m  [1m[31mrollback transaction[0m
Completed 422 Unprocessable Entity in 74ms (Views: 0.4ms | ActiveRecord: 2.0ms)


Started POST "/employees.json" for ::1 at 2017-02-14 20:51:07 -0500
Processing by EmployeesController#create as JSON
  Parameters: {"employee"=>{"name"=>"Taryn", "email"=>"bo@ya.com", "manager"=>true}}
  [1m[35m (0.1ms)[0m  [1m[36mbegin transaction[0m
  [1m[36mEmployee Exists (0.5ms)[0m  [1m[34mSELECT  1 AS one FROM "employees" WHERE "employees"."name" = ? LIMIT ?[0m  [["name", "Taryn"], ["LIMIT", 1]]
  [1m[36mEmployee Exists (0.2ms)[0m  [1m[34mSELECT  1 AS one FROM "employees" WHERE "employees"."email" = ? LIMIT ?[0m  [["email", "bo@ya.com"], ["LIMIT", 1]]
  [1m[35mSQL (0.9ms)[0m  [1m[32mINSERT INTO "employees" ("name", "email", "manager", "created_at", "updated_at") VALUES (?, ?, ?, ?, ?)[0m  [["name", "Taryn"], ["email", "bo@ya.com"], ["manager", true], ["created_at", 2017-02-15 01:51:07 UTC], ["updated_at", 2017-02-15 01:51:07 UTC]]
  [1m[35m (1.3ms)[0m  [1m[36mcommit transaction[0m
Completed 200 OK in 13ms (Views: 0.8ms | ActiveRecord: 3.1ms)


Started GET "/" for ::1 at 2017-02-14 20:51:35 -0500
Processing by EmployeesController#index as HTML
  Rendering employees/index.html within layouts/application
  Rendered employees/index.html within layouts/application (0.7ms)
Completed 200 OK in 42ms (Views: 39.5ms | ActiveRecord: 0.0ms)


Started GET "/employees.json" for ::1 at 2017-02-14 20:51:35 -0500
Processing by EmployeesController#index as JSON
  [1m[36mEmployee Load (0.4ms)[0m  [1m[34mSELECT "employees".* FROM "employees"[0m
Completed 200 OK in 4ms (Views: 2.1ms | ActiveRecord: 0.4ms)


Started POST "/employees.json" for ::1 at 2017-02-14 20:51:49 -0500
Processing by EmployeesController#create as JSON
  Parameters: {"employee"=>{"name"=>"Test", "email"=>"test@blah.com", "manager"=>false}}
  [1m[35m (0.1ms)[0m  [1m[36mbegin transaction[0m
  [1m[36mEmployee Exists (0.3ms)[0m  [1m[34mSELECT  1 AS one FROM "employees" WHERE "employees"."name" = ? LIMIT ?[0m  [["name", "Test"], ["LIMIT", 1]]
  [1m[36mEmployee Exists (0.2ms)[0m  [1m[34mSELECT  1 AS one FROM "employees" WHERE "employees"."email" = ? LIMIT ?[0m  [["email", "test@blah.com"], ["LIMIT", 1]]
  [1m[35mSQL (0.8ms)[0m  [1m[32mINSERT INTO "employees" ("name", "email", "manager", "created_at", "updated_at") VALUES (?, ?, ?, ?, ?)[0m  [["name", "Test"], ["email", "test@blah.com"], ["manager", false], ["created_at", 2017-02-15 01:51:49 UTC], ["updated_at", 2017-02-15 01:51:49 UTC]]
  [1m[35m (1.3ms)[0m  [1m[36mcommit transaction[0m
Completed 200 OK in 10ms (Views: 0.7ms | ActiveRecord: 2.8ms)


Started DELETE "/employees/1.json" for ::1 at 2017-02-14 20:51:54 -0500
Processing by EmployeesController#destroy as JSON
  Parameters: {"id"=>"1", "employee"=>{}}
  [1m[36mEmployee Load (0.3ms)[0m  [1m[34mSELECT  "employees".* FROM "employees" WHERE "employees"."id" = ? LIMIT ?[0m  [["id", 1], ["LIMIT", 1]]
  [1m[35m (0.1ms)[0m  [1m[36mbegin transaction[0m
  [1m[35mSQL (0.7ms)[0m  [1m[31mDELETE FROM "employees" WHERE "employees"."id" = ?[0m  [["id", 1]]
  [1m[35m (1.1ms)[0m  [1m[36mcommit transaction[0m
Completed 204 No Content in 11ms (Views: 0.5ms | ActiveRecord: 2.3ms)


Started PUT "/employees/2.json" for ::1 at 2017-02-14 20:52:01 -0500
Processing by EmployeesController#update as JSON
  Parameters: {"employee"=>{"id"=>2, "name"=>"Test", "email"=>"test@blah.com", "manager"=>true, "created_at"=>"2017-02-15T01:51:49.936Z", "updated_at"=>"2017-02-15T01:51:49.936Z"}, "id"=>"2"}
  [1m[36mEmployee Load (0.5ms)[0m  [1m[34mSELECT  "employees".* FROM "employees" WHERE "employees"."id" = ? LIMIT ?[0m  [["id", 2], ["LIMIT", 1]]
Unpermitted parameters: id, created_at, updated_at
  [1m[35m (0.2ms)[0m  [1m[36mbegin transaction[0m
  [1m[36mEmployee Exists (2.0ms)[0m  [1m[34mSELECT  1 AS one FROM "employees" WHERE "employees"."name" = ? AND ("employees"."id" != ?) LIMIT ?[0m  [["name", "Test"], ["id", 2], ["LIMIT", 1]]
  [1m[36mEmployee Exists (0.2ms)[0m  [1m[34mSELECT  1 AS one FROM "employees" WHERE "employees"."email" = ? AND ("employees"."id" != ?) LIMIT ?[0m  [["email", "test@blah.com"], ["id", 2], ["LIMIT", 1]]
  [1m[35mSQL (3.1ms)[0m  [1m[33mUPDATE "employees" SET "manager" = ?, "updated_at" = ? WHERE "employees"."id" = ?[0m  [["manager", true], ["updated_at", 2017-02-15 01:52:01 UTC], ["id", 2]]
  [1m[35m (3.1ms)[0m  [1m[36mcommit transaction[0m
Completed 200 OK in 20ms (Views: 0.8ms | ActiveRecord: 9.1ms)


Started PUT "/employees/2.json" for ::1 at 2017-02-14 20:56:09 -0500
Processing by EmployeesController#update as JSON
  Parameters: {"employee"=>{"id"=>2, "name"=>"Test", "email"=>"test@blah.com", "manager"=>false, "created_at"=>"2017-02-15T01:51:49.936Z", "updated_at"=>"2017-02-15T01:52:01.041Z"}, "id"=>"2"}
  [1m[36mEmployee Load (0.3ms)[0m  [1m[34mSELECT  "employees".* FROM "employees" WHERE "employees"."id" = ? LIMIT ?[0m  [["id", 2], ["LIMIT", 1]]
Unpermitted parameters: id, created_at, updated_at
  [1m[35m (0.1ms)[0m  [1m[36mbegin transaction[0m
  [1m[36mEmployee Exists (0.3ms)[0m  [1m[34mSELECT  1 AS one FROM "employees" WHERE "employees"."name" = ? AND ("employees"."id" != ?) LIMIT ?[0m  [["name", "Test"], ["id", 2], ["LIMIT", 1]]
  [1m[36mEmployee Exists (0.2ms)[0m  [1m[34mSELECT  1 AS one FROM "employees" WHERE "employees"."email" = ? AND ("employees"."id" != ?) LIMIT ?[0m  [["email", "test@blah.com"], ["id", 2], ["LIMIT", 1]]
  [1m[35mSQL (1.0ms)[0m  [1m[33mUPDATE "employees" SET "manager" = ?, "updated_at" = ? WHERE "employees"."id" = ?[0m  [["manager", false], ["updated_at", 2017-02-15 01:56:09 UTC], ["id", 2]]
  [1m[35m (1.0ms)[0m  [1m[36mcommit transaction[0m
Completed 200 OK in 13ms (Views: 0.9ms | ActiveRecord: 2.9ms)


Started PUT "/employees/2.json" for ::1 at 2017-02-14 20:56:10 -0500
Processing by EmployeesController#update as JSON
  Parameters: {"employee"=>{"id"=>2, "name"=>"Test", "email"=>"test@blah.com", "manager"=>true, "created_at"=>"2017-02-15T01:51:49.936Z", "updated_at"=>"2017-02-15T01:56:09.153Z"}, "id"=>"2"}
  [1m[36mEmployee Load (0.3ms)[0m  [1m[34mSELECT  "employees".* FROM "employees" WHERE "employees"."id" = ? LIMIT ?[0m  [["id", 2], ["LIMIT", 1]]
Unpermitted parameters: id, created_at, updated_at
  [1m[35m (0.2ms)[0m  [1m[36mbegin transaction[0m
  [1m[36mEmployee Exists (0.4ms)[0m  [1m[34mSELECT  1 AS one FROM "employees" WHERE "employees"."name" = ? AND ("employees"."id" != ?) LIMIT ?[0m  [["name", "Test"], ["id", 2], ["LIMIT", 1]]
  [1m[36mEmployee Exists (0.3ms)[0m  [1m[34mSELECT  1 AS one FROM "employees" WHERE "employees"."email" = ? AND ("employees"."id" != ?) LIMIT ?[0m  [["email", "test@blah.com"], ["id", 2], ["LIMIT", 1]]
  [1m[35mSQL (0.8ms)[0m  [1m[33mUPDATE "employees" SET "manager" = ?, "updated_at" = ? WHERE "employees"."id" = ?[0m  [["manager", true], ["updated_at", 2017-02-15 01:56:10 UTC], ["id", 2]]
  [1m[35m (2.3ms)[0m  [1m[36mcommit transaction[0m
Completed 200 OK in 17ms (Views: 0.7ms | ActiveRecord: 4.3ms)


Started GET "/" for ::1 at 2017-02-14 23:26:04 -0500
DEPRECATION WARNING: ActiveRecord::Base.raise_in_transactional_callbacks= is deprecated, has no effect and will be removed without replacement. (called from block (3 levels) in <class:Railtie> at /Users/chipmunk/.rbenv/versions/2.4.0/lib/ruby/gems/2.4.0/gems/activerecord-5.0.1/lib/active_record/railtie.rb:113)
  [1m[36mActiveRecord::SchemaMigration Load (0.6ms)[0m  [1m[34mSELECT "schema_migrations".* FROM "schema_migrations"[0m
  
ActiveRecord::PendingMigrationError (

Migrations are pending. To resolve this issue, run:

        bin/rails db:migrate RAILS_ENV=development

):
  
activerecord (5.0.1) lib/active_record/migration.rb:573:in `check_pending!'
activerecord (5.0.1) lib/active_record/migration.rb:549:in `call'
actionpack (5.0.1) lib/action_dispatch/middleware/callbacks.rb:38:in `block in call'
activesupport (5.0.1) lib/active_support/callbacks.rb:97:in `__run_callbacks__'
activesupport (5.0.1) lib/active_support/callbacks.rb:750:in `_run_call_callbacks'
activesupport (5.0.1) lib/active_support/callbacks.rb:90:in `run_callbacks'
actionpack (5.0.1) lib/action_dispatch/middleware/callbacks.rb:36:in `call'
actionpack (5.0.1) lib/action_dispatch/middleware/executor.rb:12:in `call'
actionpack (5.0.1) lib/action_dispatch/middleware/remote_ip.rb:79:in `call'
actionpack (5.0.1) lib/action_dispatch/middleware/debug_exceptions.rb:49:in `call'
web-console (3.4.0) lib/web_console/middleware.rb:135:in `call_app'
web-console (3.4.0) lib/web_console/middleware.rb:28:in `block in call'
web-console (3.4.0) lib/web_console/middleware.rb:18:in `catch'
web-console (3.4.0) lib/web_console/middleware.rb:18:in `call'
actionpack (5.0.1) lib/action_dispatch/middleware/show_exceptions.rb:31:in `call'
railties (5.0.1) lib/rails/rack/logger.rb:36:in `call_app'
railties (5.0.1) lib/rails/rack/logger.rb:24:in `block in call'
activesupport (5.0.1) lib/active_support/tagged_logging.rb:69:in `block in tagged'
activesupport (5.0.1) lib/active_support/tagged_logging.rb:26:in `tagged'
activesupport (5.0.1) lib/active_support/tagged_logging.rb:69:in `tagged'
railties (5.0.1) lib/rails/rack/logger.rb:24:in `call'
actionpack (5.0.1) lib/action_dispatch/middleware/request_id.rb:24:in `call'
rack (2.0.1) lib/rack/method_override.rb:22:in `call'
rack (2.0.1) lib/rack/runtime.rb:22:in `call'
activesupport (5.0.1) lib/active_support/cache/strategy/local_cache_middleware.rb:28:in `call'
actionpack (5.0.1) lib/action_dispatch/middleware/executor.rb:12:in `call'
actionpack (5.0.1) lib/action_dispatch/middleware/static.rb:136:in `call'
rack (2.0.1) lib/rack/sendfile.rb:111:in `call'
railties (5.0.1) lib/rails/engine.rb:522:in `call'
puma (3.7.0) lib/puma/configuration.rb:226:in `call'
puma (3.7.0) lib/puma/server.rb:578:in `handle_request'
puma (3.7.0) lib/puma/server.rb:415:in `process_client'
puma (3.7.0) lib/puma/server.rb:275:in `block in run'
puma (3.7.0) lib/puma/thread_pool.rb:120:in `block in spawn_thread'
  Rendering /Users/chipmunk/.rbenv/versions/2.4.0/lib/ruby/gems/2.4.0/gems/actionpack-5.0.1/lib/action_dispatch/middleware/templates/rescues/diagnostics.html.erb within rescues/layout
  Rendering /Users/chipmunk/.rbenv/versions/2.4.0/lib/ruby/gems/2.4.0/gems/actionpack-5.0.1/lib/action_dispatch/middleware/templates/rescues/_source.html.erb
  Rendered /Users/chipmunk/.rbenv/versions/2.4.0/lib/ruby/gems/2.4.0/gems/actionpack-5.0.1/lib/action_dispatch/middleware/templates/rescues/_source.html.erb (3.8ms)
  Rendering /Users/chipmunk/.rbenv/versions/2.4.0/lib/ruby/gems/2.4.0/gems/actionpack-5.0.1/lib/action_dispatch/middleware/templates/rescues/_trace.html.erb
  Rendered /Users/chipmunk/.rbenv/versions/2.4.0/lib/ruby/gems/2.4.0/gems/actionpack-5.0.1/lib/action_dispatch/middleware/templates/rescues/_trace.html.erb (2.0ms)
  Rendering /Users/chipmunk/.rbenv/versions/2.4.0/lib/ruby/gems/2.4.0/gems/actionpack-5.0.1/lib/action_dispatch/middleware/templates/rescues/_request_and_response.html.erb
  Rendered /Users/chipmunk/.rbenv/versions/2.4.0/lib/ruby/gems/2.4.0/gems/actionpack-5.0.1/lib/action_dispatch/middleware/templates/rescues/_request_and_response.html.erb (1.1ms)
  Rendered /Users/chipmunk/.rbenv/versions/2.4.0/lib/ruby/gems/2.4.0/gems/actionpack-5.0.1/lib/action_dispatch/middleware/templates/rescues/diagnostics.html.erb within rescues/layout (123.4ms)
DEPRECATION WARNING: ActiveRecord::Base.raise_in_transactional_callbacks= is deprecated, has no effect and will be removed without replacement. (called from load at /Users/chipmunk/.rbenv/versions/2.4.0/bin/rake:22)
  [1m[36mActiveRecord::SchemaMigration Load (0.3ms)[0m  [1m[34mSELECT "schema_migrations".* FROM "schema_migrations"[0m
Migrating to CreateEmployees (20170214)
